<?xml version="1.0" encoding="UTF-8"?>
<testsuites name="Mocha Tests" time="38.9560" tests="5" failures="3">
  <testsuite name="Root Suite" timestamp="2022-09-07T20:24:31" tests="0" file="cypress\e2e\cucumber-test\Suites\GX2-80-OrangeHRM-Account\Account.RecoveryPassword.feature" time="0.0000" failures="0">
  </testsuite>
  <testsuite name="游릭游닆OrangeHRM | Account | Recuperar contrase침a olvidada por usurio" timestamp="2022-09-07T20:24:31" tests="5" time="38.9190" failures="3">
    <testcase name="US-GX2-80 | TC1: Validar recuperar contrase침a correctamente (example #1)" time="7.9700" classname="游릭游닆OrangeHRM | Account | Recuperar contrase침a olvidada por usurio US-GX2-80 | TC1: Validar recuperar contrase침a correctamente (example #1)">
    </testcase>
    <testcase name="US-GX2-80 | TC2: Validar No poder recuperar contrase침a cuando el campo username est치 vac칤o (example #1)" time="3.9300" classname="游릭游닆OrangeHRM | Account | Recuperar contrase침a olvidada por usurio US-GX2-80 | TC2: Validar No poder recuperar contrase침a cuando el campo username est치 vac칤o (example #1)">
    </testcase>
    <testcase name="US-GX2-80 | TC3: Validar No poder recuperar contrase침a cuando se ingresa usuario no v치lido (example #1)" time="0.0000" classname="游릭游닆OrangeHRM | Account | Recuperar contrase침a olvidada por usurio US-GX2-80 | TC3: Validar No poder recuperar contrase침a cuando se ingresa usuario no v치lido (example #1)">
      <failure message="Timed out retrying after 4000ms: expected &apos;https://opensource-demo.orangehrmlive.com/web/index.php/auth/sendPasswordReset&apos; to include &apos;requestPasswordResetCode&apos;" type="AssertionError"><![CDATA[AssertionError: Timed out retrying after 4000ms: expected 'https://opensource-demo.orangehrmlive.com/web/index.php/auth/sendPasswordReset' to include 'requestPasswordResetCode'
    at Context.eval (https://opensource-demo.orangehrmlive.com/__cypress/tests?p=cypress\e2e\cucumber-test\Suites\GX2-80-OrangeHRM-Account\Account.RecoveryPassword.feature:9679:20)
    at Registry.runStepDefininition (https://opensource-demo.orangehrmlive.com/__cypress/tests?p=cypress\e2e\cucumber-test\Suites\GX2-80-OrangeHRM-Account\Account.RecoveryPassword.feature:8328:48)
    at Context.eval (https://opensource-demo.orangehrmlive.com/__cypress/tests?p=cypress\e2e\cucumber-test\Suites\GX2-80-OrangeHRM-Account\Account.RecoveryPassword.feature:9111:48)]]></failure>
    </testcase>
    <testcase name="US-GX2-80 | TC3: Validar No poder recuperar contrase침a cuando se ingresa usuario no v치lido (example #2)" time="0.0000" classname="游릭游닆OrangeHRM | Account | Recuperar contrase침a olvidada por usurio US-GX2-80 | TC3: Validar No poder recuperar contrase침a cuando se ingresa usuario no v치lido (example #2)">
      <failure message="Timed out retrying after 4000ms: expected &apos;https://opensource-demo.orangehrmlive.com/web/index.php/auth/sendPasswordReset&apos; to include &apos;requestPasswordResetCode&apos;" type="AssertionError"><![CDATA[AssertionError: Timed out retrying after 4000ms: expected 'https://opensource-demo.orangehrmlive.com/web/index.php/auth/sendPasswordReset' to include 'requestPasswordResetCode'
    at Context.eval (https://opensource-demo.orangehrmlive.com/__cypress/tests?p=cypress\e2e\cucumber-test\Suites\GX2-80-OrangeHRM-Account\Account.RecoveryPassword.feature:9679:20)
    at Registry.runStepDefininition (https://opensource-demo.orangehrmlive.com/__cypress/tests?p=cypress\e2e\cucumber-test\Suites\GX2-80-OrangeHRM-Account\Account.RecoveryPassword.feature:8328:48)
    at Context.eval (https://opensource-demo.orangehrmlive.com/__cypress/tests?p=cypress\e2e\cucumber-test\Suites\GX2-80-OrangeHRM-Account\Account.RecoveryPassword.feature:9111:48)]]></failure>
    </testcase>
    <testcase name="US-GX2-80 | TC3: Validar No poder recuperar contrase침a cuando se ingresa usuario no v치lido (example #3)" time="0.0000" classname="游릭游닆OrangeHRM | Account | Recuperar contrase침a olvidada por usurio US-GX2-80 | TC3: Validar No poder recuperar contrase침a cuando se ingresa usuario no v치lido (example #3)">
      <failure message="Timed out retrying after 4000ms: expected &apos;https://opensource-demo.orangehrmlive.com/web/index.php/auth/sendPasswordReset&apos; to include &apos;requestPasswordResetCode&apos;" type="AssertionError"><![CDATA[AssertionError: Timed out retrying after 4000ms: expected 'https://opensource-demo.orangehrmlive.com/web/index.php/auth/sendPasswordReset' to include 'requestPasswordResetCode'
    at Context.eval (https://opensource-demo.orangehrmlive.com/__cypress/tests?p=cypress\e2e\cucumber-test\Suites\GX2-80-OrangeHRM-Account\Account.RecoveryPassword.feature:9679:20)
    at Registry.runStepDefininition (https://opensource-demo.orangehrmlive.com/__cypress/tests?p=cypress\e2e\cucumber-test\Suites\GX2-80-OrangeHRM-Account\Account.RecoveryPassword.feature:8328:48)
    at Context.eval (https://opensource-demo.orangehrmlive.com/__cypress/tests?p=cypress\e2e\cucumber-test\Suites\GX2-80-OrangeHRM-Account\Account.RecoveryPassword.feature:9111:48)]]></failure>
    </testcase>
  </testsuite>
</testsuites>