<?xml version="1.0" encoding="UTF-8"?>
<testsuites name="Mocha Tests" time="11.8970" tests="1" failures="0">
  <testsuite name="Root Suite" timestamp="2022-09-06T02:49:57" tests="0" file="cypress\e2e\cucumber-test\Suites\GX2-80-OrangeHRM-Account\Account.RecoveryPassword.feature" time="0.0000" failures="0">
  </testsuite>
  <testsuite name="游릭游닆OrangeHRM | Account | Recuperar contrase침a olvidada por usurio" timestamp="2022-09-06T02:49:57" tests="1" time="11.8660" failures="0">
    <testcase name="US-GX2-80 | TC1: Validar recuperar contrase침a correctamente (example #1)" time="8.2680" classname="游릭游닆OrangeHRM | Account | Recuperar contrase침a olvidada por usurio US-GX2-80 | TC1: Validar recuperar contrase침a correctamente (example #1)">
    </testcase>
  </testsuite>
</testsuites>